# JRE version: Java(TM) SE Runtime Environment (8.0_291-b10) (build 1.8.0_291-b10)
# Java VM: Java HotSpot(TM) 64-Bit Server VM (25.291-b10 mixed mode windows-amd64 compressed oops)
Heap:
 PSYoungGen      total 32256K, used 11555K [0x00000000d7800000, 0x00000000da100000, 0x0000000100000000)
  eden space 23552K, 47% used [0x00000000d7800000,0x00000000d82e9200,0x00000000d8f00000)
  from space 8704K, 4% used [0x00000000d9880000,0x00000000d98dfa80,0x00000000da100000)
  to   space 9216K, 0% used [0x00000000d8f00000,0x00000000d8f00000,0x00000000d9800000)
 ParOldGen       total 60416K, used 19551K [0x0000000086800000, 0x000000008a300000, 0x00000000d7800000)
  object space 60416K, 32% used [0x0000000086800000,0x0000000087b17c60,0x000000008a300000)
 Metaspace       used 23471K, capacity 23772K, committed 24192K, reserved 1071104K
  class space    used 3083K, capacity 3153K, committed 3200K, reserved 1048576K
GC Heap History (10 events):
Event: 135.511 GC heap before
{Heap before GC invocations=21 (full 1):
 PSYoungGen      total 24576K, used 24485K [0x00000000d7800000, 0x00000000da780000, 0x0000000100000000)
  eden space 24064K, 100% used [0x00000000d7800000,0x00000000d8f80000,0x00000000d8f80000)
  from space 512K, 82% used [0x00000000d9000000,0x00000000d90696f0,0x00000000d9080000)
  to   space 12288K, 0% used [0x00000000d9b80000,0x00000000d9b80000,0x00000000da780000)
 ParOldGen       total 60416K, used 19535K [0x0000000086800000, 0x000000008a300000, 0x00000000d7800000)
  object space 60416K, 32% used [0x0000000086800000,0x0000000087b13c60,0x000000008a300000)
 Metaspace       used 23428K, capacity 23708K, committed 23936K, reserved 1071104K
  class space    used 3082K, capacity 3153K, committed 3200K, reserved 1048576K
Event: 135.512 GC heap after
Heap after GC invocations=21 (full 1):
 PSYoungGen      total 33280K, used 400K [0x00000000d7800000, 0x00000000da500000, 0x0000000100000000)
  eden space 23552K, 0% used [0x00000000d7800000,0x00000000d7800000,0x00000000d8f00000)
  from space 9728K, 4% used [0x00000000d9b80000,0x00000000d9be4220,0x00000000da500000)
  to   space 11264K, 0% used [0x00000000d8f00000,0x00000000d8f00000,0x00000000d9a00000)
 ParOldGen       total 60416K, used 19543K [0x0000000086800000, 0x000000008a300000, 0x00000000d7800000)
  object space 60416K, 32% used [0x0000000086800000,0x0000000087b15c60,0x000000008a300000)
 Metaspace       used 23428K, capacity 23708K, committed 23936K, reserved 1071104K
  class space    used 3082K, capacity 3153K, committed 3200K, reserved 1048576K
}
Event: 139.102 GC heap before
{Heap before GC invocations=22 (full 1):
 PSYoungGen      total 33280K, used 23952K [0x00000000d7800000, 0x00000000da500000, 0x0000000100000000)
  eden space 23552K, 100% used [0x00000000d7800000,0x00000000d8f00000,0x00000000d8f00000)
  from space 9728K, 4% used [0x00000000d9b80000,0x00000000d9be4220,0x00000000da500000)
  to   space 11264K, 0% used [0x00000000d8f00000,0x00000000d8f00000,0x00000000d9a00000)
 ParOldGen       total 60416K, used 19543K [0x0000000086800000, 0x000000008a300000, 0x00000000d7800000)
  object space 60416K, 32% used [0x0000000086800000,0x0000000087b15c60,0x000000008a300000)
 Metaspace       used 23428K, capacity 23708K, committed 23936K, reserved 1071104K
  class space    used 3082K, capacity 3153K, committed 3200K, reserved 1048576K
Event: 139.103 GC heap after
Heap after GC invocations=22 (full 1):
 PSYoungGen      total 24064K, used 368K [0x00000000d7800000, 0x00000000da400000, 0x0000000100000000)
  eden space 23552K, 0% used [0x00000000d7800000,0x00000000d7800000,0x00000000d8f00000)
  from space 512K, 71% used [0x00000000d8f00000,0x00000000d8f5c220,0x00000000d8f80000)
  to   space 10752K, 0% used [0x00000000d9980000,0x00000000d9980000,0x00000000da400000)
 ParOldGen       total 60416K, used 19543K [0x0000000086800000, 0x000000008a300000, 0x00000000d7800000)
  object space 60416K, 32% used [0x0000000086800000,0x0000000087b15c60,0x000000008a300000)
 Metaspace       used 23428K, capacity 23708K, committed 23936K, reserved 1071104K
  class space    used 3082K, capacity 3153K, committed 3200K, reserved 1048576K
}
Event: 142.445 GC heap before
{Heap before GC invocations=23 (full 1):
 PSYoungGen      total 24064K, used 23920K [0x00000000d7800000, 0x00000000da400000, 0x0000000100000000)
  eden space 23552K, 100% used [0x00000000d7800000,0x00000000d8f00000,0x00000000d8f00000)
  from space 512K, 71% used [0x00000000d8f00000,0x00000000d8f5c220,0x00000000d8f80000)
  to   space 10752K, 0% used [0x00000000d9980000,0x00000000d9980000,0x00000000da400000)
 ParOldGen       total 60416K, used 19543K [0x0000000086800000, 0x000000008a300000, 0x00000000d7800000)
  object space 60416K, 32% used [0x0000000086800000,0x0000000087b15c60,0x000000008a300000)
 Metaspace       used 23451K, capacity 23772K, committed 24192K, reserved 1071104K
  class space    used 3083K, capacity 3153K, committed 3200K, reserved 1048576K
Event: 142.446 GC heap after
Heap after GC invocations=23 (full 1):
 PSYoungGen      total 33280K, used 446K [0x00000000d7800000, 0x00000000da300000, 0x0000000100000000)
  eden space 23552K, 0% used [0x00000000d7800000,0x00000000d7800000,0x00000000d8f00000)
  from space 9728K, 4% used [0x00000000d9980000,0x00000000d99efa80,0x00000000da300000)
  to   space 10240K, 0% used [0x00000000d8f00000,0x00000000d8f00000,0x00000000d9900000)
 ParOldGen       total 60416K, used 19551K [0x0000000086800000, 0x000000008a300000, 0x00000000d7800000)
  object space 60416K, 32% used [0x0000000086800000,0x0000000087b17c60,0x000000008a300000)
 Metaspace       used 23451K, capacity 23772K, committed 24192K, reserved 1071104K
  class space    used 3083K, capacity 3153K, committed 3200K, reserved 1048576K
}
Event: 183.357 GC heap before
{Heap before GC invocations=24 (full 1):
 PSYoungGen      total 33280K, used 23998K [0x00000000d7800000, 0x00000000da300000, 0x0000000100000000)
  eden space 23552K, 100% used [0x00000000d7800000,0x00000000d8f00000,0x00000000d8f00000)
  from space 9728K, 4% used [0x00000000d9980000,0x00000000d99efa80,0x00000000da300000)
  to   space 10240K, 0% used [0x00000000d8f00000,0x00000000d8f00000,0x00000000d9900000)
 ParOldGen       total 60416K, used 19551K [0x0000000086800000, 0x000000008a300000, 0x00000000d7800000)
  object space 60416K, 32% used [0x0000000086800000,0x0000000087b17c60,0x000000008a300000)
 Metaspace       used 23471K, capacity 23772K, committed 24192K, reserved 1071104K
  class space    used 3083K, capacity 3153K, committed 3200K, reserved 1048576K
Event: 183.358 GC heap after
Heap after GC invocations=24 (full 1):
 PSYoungGen      total 24064K, used 382K [0x00000000d7800000, 0x00000000da200000, 0x0000000100000000)
  eden space 23552K, 0% used [0x00000000d7800000,0x00000000d7800000,0x00000000d8f00000)
  from space 512K, 74% used [0x00000000d8f00000,0x00000000d8f5fa80,0x00000000d8f80000)
  to   space 9728K, 0% used [0x00000000d9880000,0x00000000d9880000,0x00000000da200000)
 ParOldGen       total 60416K, used 19551K [0x0000000086800000, 0x000000008a300000, 0x00000000d7800000)
  object space 60416K, 32% used [0x0000000086800000,0x0000000087b17c60,0x000000008a300000)
 Metaspace       used 23471K, capacity 23772K, committed 24192K, reserved 1071104K
  class space    used 3083K, capacity 3153K, committed 3200K, reserved 1048576K
}
Event: 190.592 GC heap before
{Heap before GC invocations=25 (full 1):
 PSYoungGen      total 24064K, used 23934K [0x00000000d7800000, 0x00000000da200000, 0x0000000100000000)
  eden space 23552K, 100% used [0x00000000d7800000,0x00000000d8f00000,0x00000000d8f00000)
  from space 512K, 74% used [0x00000000d8f00000,0x00000000d8f5fa80,0x00000000d8f80000)
  to   space 9728K, 0% used [0x00000000d9880000,0x00000000d9880000,0x00000000da200000)
 ParOldGen       total 60416K, used 19551K [0x0000000086800000, 0x000000008a300000, 0x00000000d7800000)
  object space 60416K, 32% used [0x0000000086800000,0x0000000087b17c60,0x000000008a300000)
 Metaspace       used 23471K, capacity 23772K, committed 24192K, reserved 1071104K
  class space    used 3083K, capacity 3153K, committed 3200K, reserved 1048576K
Event: 190.593 GC heap after
Heap after GC invocations=25 (full 1):
 PSYoungGen      total 32256K, used 382K [0x00000000d7800000, 0x00000000da100000, 0x0000000100000000)
  eden space 23552K, 0% used [0x00000000d7800000,0x00000000d7800000,0x00000000d8f00000)
  from space 8704K, 4% used [0x00000000d9880000,0x00000000d98dfa80,0x00000000da100000)
  to   space 9216K, 0% used [0x00000000d8f00000,0x00000000d8f00000,0x00000000d9800000)
 ParOldGen       total 60416K, used 19551K [0x0000000086800000, 0x000000008a300000, 0x00000000d7800000)
  object space 60416K, 32% used [0x0000000086800000,0x0000000087b17c60,0x000000008a300000)
 Metaspace       used 23471K, capacity 23772K, committed 24192K, reserved 1071104K
  class space    used 3083K, capacity 3153K, committed 3200K, reserved 1048576K
}

